<?xml version="1.0" encoding="UTF-8"?>
<testsuite name="BitmapGlyphComposeJvmParityTest[jvm]" tests="6" skipped="0" failures="0" errors="0" timestamp="2026-04-16T00:32:24.276Z" hostname="runsc" time="0.119">
  <properties/>
  <testcase name="two non-overlapping glyphs — parity()[jvm]" classname="com.kreative.bitsnpicas.core.BitmapGlyphComposeJvmParityTest" time="0.079"/>
  <testcase name="max-intensity overlap — parity()[jvm]" classname="com.kreative.bitsnpicas.core.BitmapGlyphComposeJvmParityTest" time="0.001"/>
  <testcase name="empty input — both return null()[jvm]" classname="com.kreative.bitsnpicas.core.BitmapGlyphComposeJvmParityTest" time="0.003"/>
  <testcase name="single glyph — Java and Kotlin produce bit-identical output()[jvm]" classname="com.kreative.bitsnpicas.core.BitmapGlyphComposeJvmParityTest" time="0.001"/>
  <testcase name="max advance — parity()[jvm]" classname="com.kreative.bitsnpicas.core.BitmapGlyphComposeJvmParityTest" time="0.001"/>
  <testcase name="null-entry skipping — parity()[jvm]" classname="com.kreative.bitsnpicas.core.BitmapGlyphComposeJvmParityTest" time="0.0"/>
  <system-out><![CDATA[]]></system-out>
  <system-err><![CDATA[]]></system-err>
</testsuite>
